{"level":"info","message":"Server started successfully","port":8080,"service":"summaris-api","timestamp":"2025-12-17 14:48:22"}
{"level":"info","message":"Server started successfully","port":8080,"service":"summaris-api","timestamp":"2025-12-18 14:27:16"}
{"level":"info","message":"Server started successfully","port":8080,"service":"summaris-api","timestamp":"2026-01-03 16:49:56"}
{"level":"info","message":"Server started successfully","port":8080,"service":"summaris-api","timestamp":"2026-01-03 16:54:27"}
{"level":"info","message":"Server started successfully","port":8080,"service":"summaris-api","timestamp":"2026-01-03 17:13:46"}
{"level":"info","message":"Server started successfully","port":8080,"service":"summaris-api","timestamp":"2026-01-06 16:09:58"}
{"level":"info","message":"Server started successfully","port":8080,"service":"summaris-api","timestamp":"2026-01-06 16:37:41"}
{"level":"info","message":"Server started successfully","port":8080,"service":"summaris-api","timestamp":"2026-01-06 16:37:43"}
{"level":"info","message":"Server started successfully","port":8080,"service":"summaris-api","timestamp":"2026-01-06 16:38:05"}
{"level":"info","message":"Server started successfully","port":8080,"service":"summaris-api","timestamp":"2026-01-06 16:40:51"}
{"level":"info","message":"Server started successfully","port":8080,"service":"summaris-api","timestamp":"2026-01-06 17:12:09"}
{"level":"info","message":"Server started successfully","port":8080,"service":"summaris-api","timestamp":"2026-01-06 17:16:05"}
{"level":"info","message":"Server started successfully","port":8080,"service":"summaris-api","timestamp":"2026-01-06 17:46:42"}
{"level":"info","message":"Server started successfully","port":8080,"service":"summaris-api","timestamp":"2026-01-06 17:49:13"}
{"level":"info","message":"Server started successfully","port":8080,"service":"summaris-api","timestamp":"2026-01-06 17:51:06"}
{"level":"info","message":"Server started successfully","port":8080,"service":"summaris-api","timestamp":"2026-01-06 17:53:31"}
{"level":"info","message":"Server started successfully","port":8080,"service":"summaris-api","timestamp":"2026-01-06 17:59:46"}
{"level":"info","message":"Server started successfully","port":8080,"service":"summaris-api","timestamp":"2026-01-06 18:06:35"}
{"level":"info","message":"Server started successfully","port":8080,"service":"summaris-api","timestamp":"2026-01-06 18:14:56"}
{"level":"info","message":"Server started successfully","port":8080,"service":"summaris-api","timestamp":"2026-01-06 18:27:29"}
{"level":"info","message":"Server started successfully","port":8080,"service":"summaris-api","timestamp":"2026-01-06 19:49:15"}
{"level":"info","message":"Server started successfully","port":8080,"service":"summaris-api","timestamp":"2026-01-06 19:54:49"}
{"level":"info","message":"Server started successfully","port":8080,"service":"summaris-api","timestamp":"2026-01-06 20:02:56"}
{"level":"info","message":"Server started successfully","port":8080,"service":"summaris-api","timestamp":"2026-01-08 12:00:51"}
{"level":"info","message":"Server started successfully","port":8080,"service":"summaris-api","timestamp":"2026-01-08 12:01:04"}
{"level":"info","message":"Server started successfully","port":8080,"service":"summaris-api","timestamp":"2026-01-08 12:01:24"}
{"level":"info","message":"Server started successfully","port":8080,"service":"summaris-api","timestamp":"2026-01-13 11:54:48"}
{"level":"info","message":"Server started successfully","port":8080,"service":"summaris-api","timestamp":"2026-01-13 14:31:14"}
{"level":"info","message":"Server started successfully","port":8080,"service":"summaris-api","timestamp":"2026-01-13 14:43:10"}
{"level":"info","message":"Server started successfully","port":8080,"service":"summaris-api","timestamp":"2026-01-13 14:52:38"}
{"body":{"email":"gioanaroxana@gmail.com"},"error":"email is not defined","level":"error","message":"Unhandled error in Express","method":"POST","path":"/documents/api/cmkcldtop0001r62hrjlb8uy4/summarize","service":"summaris-api","stack":"ReferenceError: email is not defined\n    at summarize (file:///Users/ioanaroxanaporoch/Documents/master/PPAW/new-app/server/controllers/documentController.js:298:89)","timestamp":"2026-01-13 14:52:50"}
{"body":{"email":"gioanaroxana@gmail.com"},"error":"email is not defined","level":"error","message":"Unhandled error in Express","method":"POST","path":"/documents/api/cmkcldtop0001r62hrjlb8uy4/summarize","service":"summaris-api","stack":"ReferenceError: email is not defined\n    at summarize (file:///Users/ioanaroxanaporoch/Documents/master/PPAW/new-app/server/controllers/documentController.js:298:89)","timestamp":"2026-01-13 14:53:55"}
{"body":{"email":"gioanaroxana@gmail.com"},"error":"email is not defined","level":"error","message":"Unhandled error in Express","method":"POST","path":"/documents/api/cmkclfqt60003r62hnsncm1fi/summarize","service":"summaris-api","stack":"ReferenceError: email is not defined\n    at summarize (file:///Users/ioanaroxanaporoch/Documents/master/PPAW/new-app/server/controllers/documentController.js:298:89)","timestamp":"2026-01-13 14:54:19"}
{"body":{"email":"gioanaroxana@gmail.com"},"error":"email is not defined","level":"error","message":"Unhandled error in Express","method":"POST","path":"/documents/api/cmkclfqt60003r62hnsncm1fi/summarize","service":"summaris-api","stack":"ReferenceError: email is not defined\n    at summarize (file:///Users/ioanaroxanaporoch/Documents/master/PPAW/new-app/server/controllers/documentController.js:298:89)","timestamp":"2026-01-13 15:02:13"}
{"level":"info","message":"Server started successfully","port":8080,"service":"summaris-api","timestamp":"2026-01-13 15:16:03"}
{"documentId":"cmkcm84cs0001r62tzgx8ucy0","email":"gioanaroxana@gmail.com","error":"Ai atins limita de 5 rezumate pe zi pentru planul Pro. Te rugăm să încerci mâine sau să treci la planul Premium.","level":"error","message":"Summarize document error","service":"summaris-api","stack":"Error: Ai atins limita de 5 rezumate pe zi pentru planul Pro. Te rugăm să încerci mâine sau să treci la planul Premium.\n    at Module.generateSummary (file:///Users/ioanaroxanaporoch/Documents/master/PPAW/new-app/server/services/documentService.js:286:13)\n    at async summarize (file:///Users/ioanaroxanaporoch/Documents/master/PPAW/new-app/server/controllers/documentController.js:262:22)","timestamp":"2026-01-13 15:16:22"}
{"documentId":"cmkcm8xqj0003r62t1z5oqxl7","email":"gioanaroxana@gmail.com","error":"Ai atins limita de 5 rezumate pe zi pentru planul Pro. Te rugăm să încerci mâine sau să treci la planul Premium.","level":"error","message":"Summarize document error","service":"summaris-api","stack":"Error: Ai atins limita de 5 rezumate pe zi pentru planul Pro. Te rugăm să încerci mâine sau să treci la planul Premium.\n    at Module.generateSummary (file:///Users/ioanaroxanaporoch/Documents/master/PPAW/new-app/server/services/documentService.js:286:13)\n    at async summarize (file:///Users/ioanaroxanaporoch/Documents/master/PPAW/new-app/server/controllers/documentController.js:262:22)","timestamp":"2026-01-13 15:17:05"}
{"level":"info","message":"Server started successfully","port":8080,"service":"summaris-api","timestamp":"2026-01-13 15:23:29"}
{"documentId":"cmkcmhicy0001r6ggtp6xre9e","email":"gioanaroxana@gmail.com","error":"Ai atins limita de 5 rezumate pe zi pentru planul Pro. Te rugăm să încerci mâine sau să treci la planul Premium.","level":"error","message":"Summarize document error","service":"summaris-api","stack":"Error: Ai atins limita de 5 rezumate pe zi pentru planul Pro. Te rugăm să încerci mâine sau să treci la planul Premium.\n    at Module.generateSummary (file:///Users/ioanaroxanaporoch/Documents/master/PPAW/new-app/server/services/documentService.js:286:13)\n    at async summarize (file:///Users/ioanaroxanaporoch/Documents/master/PPAW/new-app/server/controllers/documentController.js:262:22)","timestamp":"2026-01-13 15:23:40"}
{"documentId":"cmkcmhicy0001r6ggtp6xre9e","email":"gioanaroxana@gmail.com","error":"Ai atins limita de 5 rezumate pe zi pentru planul Pro. Te rugăm să încerci mâine sau să treci la planul Premium.","level":"error","message":"Summarize document error","service":"summaris-api","stack":"Error: Ai atins limita de 5 rezumate pe zi pentru planul Pro. Te rugăm să încerci mâine sau să treci la planul Premium.\n    at Module.generateSummary (file:///Users/ioanaroxanaporoch/Documents/master/PPAW/new-app/server/services/documentService.js:286:13)\n    at async summarize (file:///Users/ioanaroxanaporoch/Documents/master/PPAW/new-app/server/controllers/documentController.js:262:22)","timestamp":"2026-01-13 15:24:08"}
{"documentId":"cmkcmhicy0001r6ggtp6xre9e","email":"gioanaroxana@gmail.com","error":"Ai atins limita de 5 rezumate pe zi pentru planul Pro. Te rugăm să încerci mâine sau să treci la planul Premium.","level":"error","message":"Summarize document error","service":"summaris-api","stack":"Error: Ai atins limita de 5 rezumate pe zi pentru planul Pro. Te rugăm să încerci mâine sau să treci la planul Premium.\n    at Module.generateSummary (file:///Users/ioanaroxanaporoch/Documents/master/PPAW/new-app/server/services/documentService.js:286:13)\n    at async summarize (file:///Users/ioanaroxanaporoch/Documents/master/PPAW/new-app/server/controllers/documentController.js:262:22)","timestamp":"2026-01-13 15:25:22"}
{"level":"info","message":"Server started successfully","port":8080,"service":"summaris-api","timestamp":"2026-01-13 15:25:29"}
{"documentId":"cmkcmhicy0001r6ggtp6xre9e","email":"gioanaroxana@gmail.com","error":"Ai atins limita de 5 rezumate pe zi pentru planul Pro. Te rugăm să încerci mâine sau să treci la planul Premium.","level":"error","message":"Summarize document error","service":"summaris-api","stack":"Error: Ai atins limita de 5 rezumate pe zi pentru planul Pro. Te rugăm să încerci mâine sau să treci la planul Premium.\n    at Module.generateSummary (file:///Users/ioanaroxanaporoch/Documents/master/PPAW/new-app/server/services/documentService.js:286:13)\n    at async summarize (file:///Users/ioanaroxanaporoch/Documents/master/PPAW/new-app/server/controllers/documentController.js:269:22)","timestamp":"2026-01-13 15:25:33"}
{"documentId":"cmkcmhicy0001r6ggtp6xre9e","email":"gioanaroxana@gmail.com","error":"Ai atins limita de 5 rezumate pe zi pentru planul Pro. Te rugăm să încerci mâine sau să treci la planul Premium.","level":"error","message":"Summarize document error","service":"summaris-api","stack":"Error: Ai atins limita de 5 rezumate pe zi pentru planul Pro. Te rugăm să încerci mâine sau să treci la planul Premium.\n    at Module.generateSummary (file:///Users/ioanaroxanaporoch/Documents/master/PPAW/new-app/server/services/documentService.js:286:13)\n    at async summarize (file:///Users/ioanaroxanaporoch/Documents/master/PPAW/new-app/server/controllers/documentController.js:269:22)","timestamp":"2026-01-13 16:04:00"}
{"level":"info","message":"Server started successfully","port":8080,"service":"summaris-api","timestamp":"2026-01-15 09:51:23"}
{"level":"info","message":"Server started successfully","port":8080,"service":"summaris-api","timestamp":"2026-01-15 11:23:19"}
{"documentId":"cmkf8sy2l0005r6r8o15fy00e","email":"ioanaroxana80@yahoo.com","error":"Ai atins limita de 3 rezumate gratuite. Te rugăm să te abonezi pentru a continua.","level":"error","message":"Summarize document error","service":"summaris-api","stack":"Error: Ai atins limita de 3 rezumate gratuite. Te rugăm să te abonezi pentru a continua.\n    at Module.generateSummary (file:///Users/ioanaroxanaporoch/Documents/master/PPAW/new-app/server/services/documentService.js:275:13)\n    at async summarize (file:///Users/ioanaroxanaporoch/Documents/master/PPAW/new-app/server/controllers/documentController.js:269:22)","timestamp":"2026-01-15 11:23:58"}
{"documentId":"cmkf8wtiq0007r6r8dld1jnu7","email":"ioanaroxana80@yahoo.com","error":"Ai atins limita de 3 rezumate gratuite. Te rugăm să te abonezi pentru a continua.","level":"error","message":"Summarize document error","service":"summaris-api","stack":"Error: Ai atins limita de 3 rezumate gratuite. Te rugăm să te abonezi pentru a continua.\n    at Module.generateSummary (file:///Users/ioanaroxanaporoch/Documents/master/PPAW/new-app/server/services/documentService.js:275:13)\n    at async summarize (file:///Users/ioanaroxanaporoch/Documents/master/PPAW/new-app/server/controllers/documentController.js:269:22)","timestamp":"2026-01-15 11:27:00"}
{"documentId":"cmkfadum9000lr6r81lw73vm0","email":"ioanaroxana80@yahoo.com","error":"Ai atins limita de 3 rezumate gratuite. Te rugăm să te abonezi pentru a continua.","level":"error","message":"Summarize document error","service":"summaris-api","stack":"Error: Ai atins limita de 3 rezumate gratuite. Te rugăm să te abonezi pentru a continua.\n    at Module.generateSummary (file:///Users/ioanaroxanaporoch/Documents/master/PPAW/new-app/server/services/documentService.js:275:13)\n    at async summarize (file:///Users/ioanaroxanaporoch/Documents/master/PPAW/new-app/server/controllers/documentController.js:269:22)","timestamp":"2026-01-15 12:08:14"}
